<?xml version="1.0" encoding="UTF-8" ?>
<testsuite errors="0" failures="0" hostname="Sumites-MacBook-Pro.local" name="OODRefCwk.ManagementGeneral" skipped="0" tests="15" time="0.145" timestamp="2018-06-16T00:13:43">
  <properties>
    <property name="addExports:java.desktop/sun.awt.im" value="ALL-UNNAMED" />
    <property name="java.vendor" value="Oracle Corporation" />
    <property name="addExports:java.desktop/com.sun.beans.editors" value="ALL-UNNAMED" />
    <property name="netbeans.user" value="/Users/admin/Library/Application Support/NetBeans/8.2" />
    <property name="sun.java.launcher" value="SUN_STANDARD" />
    <property name="sun.management.compiler" value="HotSpot 64-Bit Tiered Compilers" />
    <property name="netbeans.autoupdate.version" value="1.23" />
    <property name="os.name" value="Mac OS X" />
    <property name="sun.boot.class.path" value="/Library/Java/JavaVirtualMachines/jdk1.8.0_121.jdk/Contents/Home/jre/lib/resources.jar:/Library/Java/JavaVirtualMachines/jdk1.8.0_121.jdk/Contents/Home/jre/lib/rt.jar:/Library/Java/JavaVirtualMachines/jdk1.8.0_121.jdk/Contents/Home/jre/lib/sunrsasign.jar:/Library/Java/JavaVirtualMachines/jdk1.8.0_121.jdk/Contents/Home/jre/lib/jsse.jar:/Library/Java/JavaVirtualMachines/jdk1.8.0_121.jdk/Contents/Home/jre/lib/jce.jar:/Library/Java/JavaVirtualMachines/jdk1.8.0_121.jdk/Contents/Home/jre/lib/charsets.jar:/Library/Java/JavaVirtualMachines/jdk1.8.0_121.jdk/Contents/Home/jre/lib/jfr.jar:/Library/Java/JavaVirtualMachines/jdk1.8.0_121.jdk/Contents/Home/jre/classes" />
    <property name="netbeans.importclass" value="org.netbeans.upgrade.AutoUpgrade" />
    <property name="ant.file.type.oodcwk-studentsnb-impl" value="file" />
    <property name="java.vm.specification.vendor" value="Oracle Corporation" />
    <property name="ant.home" value="/Applications/NetBeans/NetBeans 8.2.app/Contents/Resources/NetBeans/extide/ant" />
    <property name="java.runtime.version" value="1.8.0_121-b13" />
    <property name="test.build.dir" value="build/test" />
    <property name="jna.loaded" value="true" />
    <property name="netbeans.default_userdir_root" value="/Users/admin/Library/Application Support/NetBeans" />
    <property name="netbeans.accept_license_class" value="org.netbeans.license.AcceptLicense" />
    <property name="user.name" value="admin" />
    <property name="nb.show.statistics.ui" value="usageStatisticsEnabled" />
    <property name="svnkit.http.methods" value="Basic" />
    <property name="user.language" value="en" />
    <property name="sun.boot.library.path" value="/Library/Java/JavaVirtualMachines/jdk1.8.0_121.jdk/Contents/Home/jre/lib" />
    <property name="nb.native.filechooser" value="false" />
    <property name="ant.project.default-target" value="default" />
    <property name="nb.wait.for.caches" value="true" />
    <property name="ant.project.name" value="oodcwk-studentsnb" />
    <property name="java.version" value="1.8.0_121" />
    <property name="sun.java2d.dpiaware" value="true" />
    <property name="user.timezone" value="" />
    <property name="sun.arch.data.model" value="64" />
    <property name="test.src.dir" value="test" />
    <property name="http.nonProxyHosts" value="local|*.local|169.254/16|*.169.254/16" />
    <property name="java.endorsed.dirs" value="/Library/Java/JavaVirtualMachines/jdk1.8.0_121.jdk/Contents/Home/jre/lib/endorsed" />
    <property name="sun.cpu.isalist" value="" />
    <property name="netbeans.productversion" value="NetBeans IDE 8.2 (Build 201609300101)" />
    <property name="sun.jnu.encoding" value="UTF-8" />
    <property name="file.encoding.pkg" value="sun.io" />
    <property name="includes" value="OODRefCwk/**/*Test.java" />
    <property name="addExports:java.management/sun.management" value="ALL-UNNAMED" />
    <property name="file.separator" value="/" />
    <property name="java.specification.name" value="Java Platform API Specification" />
    <property name="test.xml" value="build/test/results" />
    <property name="java.class.version" value="52.0" />
    <property name="addExports:java.desktop/sun.awt" value="ALL-UNNAMED" />
    <property name="user.country" value="GB" />
    <property name="java.home" value="/Library/Java/JavaVirtualMachines/jdk1.8.0_121.jdk/Contents/Home/jre" />
    <property name="netbeans.buildnumber" value="201609300101" />
    <property name="java.vm.info" value="mixed mode" />
    <property name="org.openide.version" value="deprecated" />
    <property name="ant.file" value="/Users/admin/Downloads/oodcwk-studentsnb/build.xml" />
    <property name="os.version" value="10.13.3" />
    <property name="netbeans.hash.code" value="unique=NB_JAVA_WEBCOMMON_WEBEE_MOB_CND_GROOVY_PHP_GFMOD0ca869398-4784-4960-9026-bef2ac09f78f_d1ae47fc-2552-46f8-8b72-d5ba2996e862" />
    <property name="netbeans.autoupdate.country" value="GB" />
    <property name="ignore.failing.tests" value="true" />
    <property name="sun.font.fontmanager" value="sun.font.CFontManager" />
    <property name="https.nonProxyHosts" value="localhost|127.0.0.1|Sumites-MacBook-Pro.local" />
    <property name="path.separator" value=":" />
    <property name="java.vm.version" value="25.121-b13" />
    <property name="addExports:java.desktop/java.awt.peer" value="ALL-UNNAMED" />
    <property name="netbeans.dynamic.classpath" value="/Applications/NetBeans/NetBeans 8.2.app/Contents/Resources/NetBeans/platform/core/org-netbeans-libs-asm.jar:/Applications/NetBeans/NetBeans 8.2.app/Contents/Resources/NetBeans/platform/core/org-openide-filesystems-compat8.jar:/Applications/NetBeans/NetBeans 8.2.app/Contents/Resources/NetBeans/platform/core/asm-all-5.0.1.jar:/Applications/NetBeans/NetBeans 8.2.app/Contents/Resources/NetBeans/platform/core/org-openide-filesystems.jar:/Applications/NetBeans/NetBeans 8.2.app/Contents/Resources/NetBeans/platform/core/core.jar:/Applications/NetBeans/NetBeans 8.2.app/Contents/Resources/NetBeans/platform/core/core-base.jar:/Applications/NetBeans/NetBeans 8.2.app/Contents/Resources/NetBeans/platform/core/locale/core_pt_BR.jar:/Applications/NetBeans/NetBeans 8.2.app/Contents/Resources/NetBeans/platform/core/locale/org-netbeans-libs-asm_pt_BR.jar:/Applications/NetBeans/NetBeans 8.2.app/Contents/Resources/NetBeans/platform/core/locale/core-base_zh_CN.jar:/Applications/NetBeans/NetBeans 8.2.app/Contents/Resources/NetBeans/platform/core/locale/core-base_ru.jar:/Applications/NetBeans/NetBeans 8.2.app/Contents/Resources/NetBeans/platform/core/locale/core_ru.jar:/Applications/NetBeans/NetBeans 8.2.app/Contents/Resources/NetBeans/platform/core/locale/core_ja.jar:/Applications/NetBeans/NetBeans 8.2.app/Contents/Resources/NetBeans/platform/core/locale/org-openide-filesystems-compat8_zh_CN.jar:/Applications/NetBeans/NetBeans 8.2.app/Contents/Resources/NetBeans/platform/core/locale/org-openide-filesystems_pt_BR.jar:/Applications/NetBeans/NetBeans 8.2.app/Contents/Resources/NetBeans/platform/core/locale/core-base_ja.jar:/Applications/NetBeans/NetBeans 8.2.app/Contents/Resources/NetBeans/platform/core/locale/org-openide-filesystems_ja.jar:/Applications/NetBeans/NetBeans 8.2.app/Contents/Resources/NetBeans/platform/core/locale/org-openide-filesystems-compat8_ru.jar:/Applications/NetBeans/NetBeans 8.2.app/Contents/Resources/NetBeans/platform/core/locale/org-openide-filesystems-compat8_ja.jar:/Applications/NetBeans/NetBeans 8.2.app/Contents/Resources/NetBeans/platform/core/locale/org-openide-filesystems_ru.jar:/Applications/NetBeans/NetBeans 8.2.app/Contents/Resources/NetBeans/platform/core/locale/org-openide-filesystems-compat8_pt_BR.jar:/Applications/NetBeans/NetBeans 8.2.app/Contents/Resources/NetBeans/platform/core/locale/org-openide-filesystems_zh_CN.jar:/Applications/NetBeans/NetBeans 8.2.app/Contents/Resources/NetBeans/platform/core/locale/core_zh_CN.jar:/Applications/NetBeans/NetBeans 8.2.app/Contents/Resources/NetBeans/platform/core/locale/org-netbeans-libs-asm_ru.jar:/Applications/NetBeans/NetBeans 8.2.app/Contents/Resources/NetBeans/platform/core/locale/org-netbeans-libs-asm_ja.jar:/Applications/NetBeans/NetBeans 8.2.app/Contents/Resources/NetBeans/platform/core/locale/core-base_pt_BR.jar:/Applications/NetBeans/NetBeans 8.2.app/Contents/Resources/NetBeans/platform/core/locale/org-netbeans-libs-asm_zh_CN.jar:/Applications/NetBeans/NetBeans 8.2.app/Contents/Resources/NetBeans/nb/core/org-netbeans-upgrader.jar:/Applications/NetBeans/NetBeans 8.2.app/Contents/Resources/NetBeans/nb/core/locale/core_nb_zh_CN.jar:/Applications/NetBeans/NetBeans 8.2.app/Contents/Resources/NetBeans/nb/core/locale/org-netbeans-upgrader_ja.jar:/Applications/NetBeans/NetBeans 8.2.app/Contents/Resources/NetBeans/nb/core/locale/org-netbeans-upgrader_ru.jar:/Applications/NetBeans/NetBeans 8.2.app/Contents/Resources/NetBeans/nb/core/locale/org-netbeans-upgrader_pt_BR.jar:/Applications/NetBeans/NetBeans 8.2.app/Contents/Resources/NetBeans/nb/core/locale/org-netbeans-upgrader_zh_CN.jar:/Applications/NetBeans/NetBeans 8.2.app/Contents/Resources/NetBeans/nb/core/locale/core_nb_pt_BR.jar:/Applications/NetBeans/NetBeans 8.2.app/Contents/Resources/NetBeans/nb/core/locale/core_nb_ru.jar:/Applications/NetBeans/NetBeans 8.2.app/Contents/Resources/NetBeans/nb/core/locale/core_nb.jar:/Applications/NetBeans/NetBeans 8.2.app/Contents/Resources/NetBeans/nb/core/locale/core_nb_ja.jar" />
    <property name="jna.boot.library.name" value="jnidispatch-422" />
    <property name="addExports:java.base/jdk.internal.jrtfs" value="ALL-UNNAMED" />
    <property name="sun.awt.enableExtraMouseButtons" value="true" />
    <property name="java.awt.printerjob" value="sun.lwawt.macosx.CPrinterJob" />
    <property name="ant.junit.enabletestlistenerevents" value="true" />
    <property name="sun.io.unicode.encoding" value="UnicodeBig" />
    <property name="awt.toolkit" value="sun.lwawt.macosx.LWCToolkit" />
    <property name="netbeans.autoupdate.variant" value="" />
    <property name="socksNonProxyHosts" value="local|*.local|169.254/16|*.169.254/16" />
    <property name="ftp.nonProxyHosts" value="local|*.local|169.254/16|*.169.254/16" />
    <property name="org.openide.major.version" value="IDE/1" />
    <property name="addExports:java.desktop/com.apple.eawt" value="ALL-UNNAMED" />
    <property name="user.home" value="/Users/admin" />
    <property name="netbeans.home" value="/Applications/NetBeans/NetBeans 8.2.app/Contents/Resources/NetBeans/platform" />
    <property name="java.specification.vendor" value="Oracle Corporation" />
    <property name="apple.laf.useScreenMenuBar" value="true" />
    <property name="org.xml.sax.driver" value="com.sun.org.apache.xerces.internal.jaxp.SAXParserImpl$JAXPSAXParser" />
    <property name="java.vendor.url" value="http://java.oracle.com/" />
    <property name="java.library.path" value="/Users/admin/Library/Java/Extensions:/Library/Java/Extensions:/Network/Library/Java/Extensions:/System/Library/Java/Extensions:/usr/lib/java:." />
    <property name="addExports:java.desktop/apple.laf" value="ALL-UNNAMED" />
    <property name="ant.file.type.oodcwk-studentsnb" value="file" />
    <property name="java.vm.vendor" value="Oracle Corporation" />
    <property name="gopherProxySet" value="false" />
    <property name="ant.file.oodcwk-studentsnb" value="/Users/admin/Downloads/oodcwk-studentsnb/build.xml" />
    <property name="java.runtime.name" value="Java(TM) SE Runtime Environment" />
    <property name="ant.version" value="Apache Ant(TM) version 1.9.7 compiled on April 9 2016" />
    <property name="java.class.path" value="/Users/admin/Downloads/oodcwk-studentsnb/lib/junit-4.12.jar:/Users/admin/Downloads/oodcwk-studentsnb/lib/hamcrest-core-1.3.jar:/Users/admin/Downloads/oodcwk-studentsnb/build/classes:/Users/admin/Downloads/oodcwk-studentsnb/build/test:/Applications/NetBeans/NetBeans 8.2.app/Contents/Resources/NetBeans/extide/ant/lib/ant-launcher.jar:/Applications/NetBeans/NetBeans 8.2.app/Contents/Resources/NetBeans/extide/ant/lib/ant.jar:/Applications/NetBeans/NetBeans 8.2.app/Contents/Resources/NetBeans/extide/ant/lib/ant-junit.jar:/Applications/NetBeans/NetBeans 8.2.app/Contents/Resources/NetBeans/extide/ant/lib/ant-junit4.jar" />
    <property name="sun.java.command" value="org.apache.tools.ant.taskdefs.optional.junit.JUnitTestRunner OODRefCwk.ManagementGeneral skipNonTests=false filtertrace=true haltOnError=false haltOnFailure=true formatter=org.apache.tools.ant.taskdefs.optional.junit.SummaryJUnitResultFormatter showoutput=true outputtoformatters=true logfailedtests=true threadid=0 logtestlistenerevents=true formatter=org.apache.tools.ant.taskdefs.optional.junit.XMLJUnitResultFormatter,/Users/admin/Downloads/oodcwk-studentsnb/build/test/results/TEST-OODRefCwk.ManagementGeneral.xml formatter=org.apache.tools.ant.taskdefs.optional.junit.PlainJUnitResultFormatter crashfile=/Users/admin/Downloads/oodcwk-studentsnb/junitvmwatcher828131150402308246.properties propsfile=/Users/admin/Downloads/oodcwk-studentsnb/junit7707336583629510501.properties" />
    <property name="sun.java2d.noddraw" value="true" />
    <property name="ant.file.oodcwk-studentsnb-impl" value="/Users/admin/Downloads/oodcwk-studentsnb/nbproject/build-impl.xml" />
    <property name="java.vm.specification.name" value="Java Virtual Machine Specification" />
    <property name="jdk.home" value="/Library/Java/JavaVirtualMachines/jdk1.8.0_121.jdk/Contents/Home" />
    <property name="org.openide.specification.version" value="6.2" />
    <property name="java.vm.specification.version" value="1.8" />
    <property name="sun.os.patch.level" value="unknown" />
    <property name="sun.cpu.endian" value="little" />
    <property name="java.io.tmpdir" value="/var/folders/1x/rjdwznzd2l795hc7slgl0pqm0000gn/T/" />
    <property name="java.vendor.url.bug" value="http://bugreport.sun.com/bugreport/" />
    <property name="netbeans.dirs" value="/Applications/NetBeans/NetBeans 8.2.app/Contents/Resources/NetBeans/nb:/Applications/NetBeans/NetBeans 8.2.app/Contents/Resources/NetBeans/ergonomics:/Applications/NetBeans/NetBeans 8.2.app/Contents/Resources/NetBeans/ide:/Applications/NetBeans/NetBeans 8.2.app/Contents/Resources/NetBeans/extide:/Applications/NetBeans/NetBeans 8.2.app/Contents/Resources/NetBeans/java:/Applications/NetBeans/NetBeans 8.2.app/Contents/Resources/NetBeans/apisupport:/Applications/NetBeans/NetBeans 8.2.app/Contents/Resources/NetBeans/webcommon:/Applications/NetBeans/NetBeans 8.2.app/Contents/Resources/NetBeans/websvccommon:/Applications/NetBeans/NetBeans 8.2.app/Contents/Resources/NetBeans/enterprise:/Applications/NetBeans/NetBeans 8.2.app/Contents/Resources/NetBeans/mobility:/Applications/NetBeans/NetBeans 8.2.app/Contents/Resources/NetBeans/profiler:/Applications/NetBeans/NetBeans 8.2.app/Contents/Resources/NetBeans/python:/Applications/NetBeans/NetBeans 8.2.app/Contents/Resources/NetBeans/php:/Applications/NetBeans/NetBeans 8.2.app/Contents/Resources/NetBeans/identity:/Applications/NetBeans/NetBeans 8.2.app/Contents/Resources/NetBeans/harness:/Applications/NetBeans/NetBeans 8.2.app/Contents/Resources/NetBeans/cnd:/Applications/NetBeans/NetBeans 8.2.app/Contents/Resources/NetBeans/cndext:/Applications/NetBeans/NetBeans 8.2.app/Contents/Resources/NetBeans/dlight:/Applications/NetBeans/NetBeans 8.2.app/Contents/Resources/NetBeans/groovy:/Applications/NetBeans/NetBeans 8.2.app/Contents/Resources/NetBeans/extra:/Applications/NetBeans/NetBeans 8.2.app/Contents/Resources/NetBeans/javacard:/Applications/NetBeans/NetBeans 8.2.app/Contents/Resources/NetBeans/javafx:" />
    <property name="jna.platform.library.path" value="/usr/lib:/usr/lib" />
    <property name="netbeans.autoupdate.language" value="en" />
    <property name="java.awt.graphicsenv" value="sun.awt.CGraphicsEnvironment" />
    <property name="os.arch" value="x86_64" />
    <property name="nb.internal.action.name" value="test" />
    <property name="java.util.logging.config.class" value="org.netbeans.core.startup.TopLogging" />
    <property name="java.ext.dirs" value="/Users/admin/Library/Java/Extensions:/Library/Java/JavaVirtualMachines/jdk1.8.0_121.jdk/Contents/Home/jre/lib/ext:/Library/Java/Extensions:/Network/Library/Java/Extensions:/System/Library/Java/Extensions:/usr/lib/java" />
    <property name="user.dir" value="/" />
    <property name="build.compiler.emacs" value="true" />
    <property name="apple.awt.graphics.UseQuartz" value="true" />
    <property name="line.separator" value="&#xa;" />
    <property name="java.vm.name" value="Java HotSpot(TM) 64-Bit Server VM" />
    <property name="basedir" value="/Users/admin/Downloads/oodcwk-studentsnb" />
    <property name="ant.java.version" value="1.8" />
    <property name="sun.awt.datatransfer.timeout" value="1000" />
    <property name="ant.core.lib" value="/Applications/NetBeans/NetBeans 8.2.app/Contents/Resources/NetBeans/extide/ant/lib/ant.jar" />
    <property name="main.build.dir" value="build/classes" />
    <property name="file.encoding" value="UTF-8" />
    <property name="main.src.dir" value="src" />
    <property name="java.specification.version" value="1.8" />
    <property name="ant.project.invoked-targets" value="test" />
  </properties>
  <testcase classname="OODRefCwk.ManagementGeneral" name="checkDetailsOfNonExistantJohn" time="0.01" />
  <testcase classname="OODRefCwk.ManagementGeneral" name="isNotOverdrawnAtStart" time="0.001" />
  <testcase classname="OODRefCwk.ManagementGeneral" name="checkDetailsOfBob" time="0.002" />
  <testcase classname="OODRefCwk.ManagementGeneral" name="checkDetailsOfEla" time="0.0" />
  <testcase classname="OODRefCwk.ManagementGeneral" name="checkDetailsOfIan" time="0.001" />
  <testcase classname="OODRefCwk.ManagementGeneral" name="checkAccountAtStart" time="0.0" />
  <testcase classname="OODRefCwk.ManagementGeneral" name="checkAvailableStaffAtStart" time="0.002" />
  <testcase classname="OODRefCwk.ManagementGeneral" name="isNotInJobRange" time="0.002" />
  <testcase classname="OODRefCwk.ManagementGeneral" name="isInJobRange" time="0.0" />
  <testcase classname="OODRefCwk.ManagementGeneral" name="checkTeamAtStart" time="0.001" />
  <testcase classname="OODRefCwk.ManagementGeneral" name="Job106InAllJobs" time="0.001" />
  <testcase classname="OODRefCwk.ManagementGeneral" name="checkDetailsOfAlan" time="0.001" />
  <testcase classname="OODRefCwk.ManagementGeneral" name="checkDetailsOfCeri" time="0.002" />
  <testcase classname="OODRefCwk.ManagementGeneral" name="Job104InAllJobs" time="0.0" />
  <testcase classname="OODRefCwk.ManagementGeneral" name="Job100InAllJobs" time="0.002" />
  <system-out><![CDATA[Now adding objects to the collections...
Now adding objects to the collections...
Setting all staff available
Now adding objects to the collections...
Now adding objects to the collections...
Setting all staff available
Now adding objects to the collections...
Now adding objects to the collections...
Setting all staff available
Staff name: Dan Experience level: 2 Retainer: 300 Hourly rate 20.0 State: Available ProgrammerStaff name: Hela Experience level: 8 Retainer: 450 Hourly rate 40.0 State: Available false TechnicianStaff name: Bob Experience level: 2 Retainer: 100 Hourly rate 30.0 State: Available false TechnicianStaff name: Fela Experience level: 6 Retainer: 300 Hourly rate 90.0 State: Available false AnalystStaff name: Ceri Experience level: 4 Retainer: 250 Hourly rate 40.0 State: Available true TechnicianStaff name: Alan Experience level: 2 Retainer: 300 Hourly rate 30.0 State: Available false AnalystStaff name: Ian Experience level: 4 Retainer: 300 Hourly rate 60.0 State: Available false AnalystStaff name: Ela Experience level: 7 Retainer: 200 Hourly rate 20.0 State: Available ProgrammerStaff name: Gita Experience level: 2 Retainer: 200 Hourly rate 20.0 State: Available Programmer
Now adding objects to the collections...
Now adding objects to the collections...
Setting all staff available
Now adding objects to the collections...
Now adding objects to the collections...
Setting all staff available
Staff name: Dan Experience level: 2 Retainer: 300 Hourly rate 20.0 State: Available ProgrammerStaff name: Hela Experience level: 8 Retainer: 450 Hourly rate 40.0 State: Available false TechnicianStaff name: Bob Experience level: 2 Retainer: 100 Hourly rate 30.0 State: Available false TechnicianStaff name: Fela Experience level: 6 Retainer: 300 Hourly rate 90.0 State: Available false AnalystStaff name: Ceri Experience level: 4 Retainer: 250 Hourly rate 40.0 State: Available true TechnicianStaff name: Alan Experience level: 2 Retainer: 300 Hourly rate 30.0 State: Available false AnalystStaff name: Ian Experience level: 4 Retainer: 300 Hourly rate 60.0 State: Available false AnalystStaff name: Ela Experience level: 7 Retainer: 200 Hourly rate 20.0 State: Available ProgrammerStaff name: Gita Experience level: 2 Retainer: 200 Hourly rate 20.0 State: Available Programmer
Now adding objects to the collections...
Now adding objects to the collections...
Setting all staff available
Now adding objects to the collections...
Now adding objects to the collections...
Setting all staff available
Now adding objects to the collections...
Now adding objects to the collections...
Setting all staff available
Now adding objects to the collections...
Now adding objects to the collections...
Setting all staff available
Now adding objects to the collections...
Now adding objects to the collections...
Setting all staff available
Now adding objects to the collections...
Now adding objects to the collections...
Setting all staff available
Now adding objects to the collections...
Now adding objects to the collections...
Setting all staff available
Staff name: Dan Experience level: 2 Retainer: 300 Hourly rate 20.0 State: Available ProgrammerStaff name: Hela Experience level: 8 Retainer: 450 Hourly rate 40.0 State: Available false TechnicianStaff name: Bob Experience level: 2 Retainer: 100 Hourly rate 30.0 State: Available false TechnicianStaff name: Fela Experience level: 6 Retainer: 300 Hourly rate 90.0 State: Available false AnalystStaff name: Ceri Experience level: 4 Retainer: 250 Hourly rate 40.0 State: Available true TechnicianStaff name: Alan Experience level: 2 Retainer: 300 Hourly rate 30.0 State: Available false AnalystStaff name: Ian Experience level: 4 Retainer: 300 Hourly rate 60.0 State: Available false AnalystStaff name: Ela Experience level: 7 Retainer: 200 Hourly rate 20.0 State: Available ProgrammerStaff name: Gita Experience level: 2 Retainer: 200 Hourly rate 20.0 State: Available Programmer
Now adding objects to the collections...
Now adding objects to the collections...
Setting all staff available
Now adding objects to the collections...
Now adding objects to the collections...
Setting all staff available
Now adding objects to the collections...
Now adding objects to the collections...
Setting all staff available
]]></system-out>
  <system-err><![CDATA[]]></system-err>
</testsuite>
